        -:    0:Source:cardtest3.c
        -:    0:Graph:cardtest3.gcno
        -:    0:Data:cardtest3.gcda
        -:    0:Runs:1
        -:    0:Programs:1
        -:    1:/*
        -:    2:* Author: Ju An
        -:    3:* Date: April 29, 2018
        -:    4:* OSU CS 362 - Assignment 3: Card Test 3
        -:    5:* This is a unit test for Council Room card in dominion.c
        -:    6:*/
        -:    7:
        -:    8:#include "dominion.h"
        -:    9:#include "dominion_helpers.h"
        -:   10:#include "rngs.h"
        -:   11:#include <string.h>
        -:   12:#include <stdio.h>
        -:   13:
        -:   14:// for more detailed results, use NOISY_TEST 1
        -:   15:#define NOISY_TEST 1
        -:   16:
        -:   17:// asserttrue function instead of the standard C assert
        -:   18:// if assert is not true return 1
       19:   19:int asserttrue (int expectedVal, int testedVal) 
        -:   20:{
       19:   21:	if (testedVal == expectedVal) {
        -:   22:		#if (NOISY_TEST == 1)
       15:   23:			printf("\n	Expected value: %d, actual value: %d\n", expectedVal, testedVal);
       15:   24:			printf("\n	PASS (assertion true)\n");
        -:   25:		#endif
       15:   26:		return 0;
        -:   27:	} else {
        -:   28:		#if (NOISY_TEST == 1)
        4:   29:			printf("\n	Expected value: %d, actual value: %d\n", expectedVal, testedVal);	
        4:   30:			printf("\n	FAIL (assertion false)\n");
        -:   31:		#endif
        4:   32:		return 1;
        -:   33:	}
        -:   34:}
        -:   35:
        -:   36:// testing the cardEffect() function (refactored) from dominion.c
        -:   37:// test should work whether a card is implemented inside cardEffect or in its own function
        1:   38:int main()
        -:   39:{
        -:   40:    // counts failed tests
        1:   41:	int failure = 0;
        -:   42:    
        -:   43:    // test variable initialization
        -:   44:	int i;
        1:   45:	int handpos = 0;
        1:   46:	int choice1 = 0;
        1:   47:	int choice2 = 0;
        1:   48:	int choice3 = 0;
        1:   49:	int bonus = 0;
        -:   50:	
        1:   51:	int numPlayer = 2;
        1:   52:	int player1 = 0;
        1:   53:	int player2 = 1;
        -:   54:	
        -:   55:	int card;
        1:   56:	int origTreasureCount = 0;
        1:   57:	int newTreasureCount = 0;
        -:   58:
        1:   59:	int k[10] = {adventurer, council_room, feast, gardens, mine,
        -:   60:               remodel, smithy, village, baron, great_hall};
        -:   61:	struct gameState G, savedData;
        -:   62:	
        1:   63:	int seed = 5656;
        -:   64:	
        1:   65:	printf("**********************************************\n");
        1:   66:    printf("Testing -> Council Room Card\n");
        1:   67:    memset(&G, 23, sizeof(struct gameState));   		 // clear the game state
        1:   68:    initializeGame(numPlayer, k, seed, &G);   // initialize a new game
        1:   69:    memcpy(&savedData, &G, sizeof(struct gameState));
        -:   70:	
        1:   71:	printf("\n< P1 Data BEFORE Council Room Card is Played >\n");
        -:   72:	// 1. check player 1's # of card in hand
        1:   73:	printf("Player 1 has %d cards in hand.\n", savedData.handCount[player1]);
        -:   74:	
        -:   75:	// 2. check player 1's # of card in deck
        1:   76:	printf("Player 1 has %d cards in deck.\n", savedData.deckCount[player1]);
        -:   77:	
        -:   78:	// 3. check player 1's # of card in discard pile
        1:   79:	printf("Player 1 has %d cards in discard pile.\n", savedData.discardCount[player1]);
        -:   80:	
        -:   81:	// 4. Play Smithy Card
        1:   82:	cardEffect(council_room, choice1, choice2, choice3, &G, handpos, &bonus);
        -:   83:	
        1:   84:	printf("\n< P1 Data AFTER Council Room Card is Played >\n");
        -:   85:	// 5. check player 1's # of card in hand
        1:   86:	printf("Player 1 has %d cards in hand.\n", G.handCount[player1]);
        -:   87:	
        -:   88:	// 6. check player 1's # of card in deck
        1:   89:	printf("Player 1 has %d cards in deck.\n", G.deckCount[player1]);
        -:   90:	
        -:   91:	// 7. check player 1's # of card in discard pile
        1:   92:	printf("Player 1 has %d cards in discard pile.\n", G.discardCount[player1]);
        -:   93:	
        -:   94:	
        -:   95:
        1:   96:	printf("\n***************** RESULTS *********************\n");
        1:   97:	printf("\nTEST 1. Check player 1 get 4 extra cards from player's card pile \n");
        1:   98:	printf("\n   Checking player 1's handCount\n");
        1:   99:	failure  += asserttrue (savedData.handCount[player1]+3, G.handCount[player1]);
        1:  100:	printf("\n   Checking player 1's deckCount\n");
        1:  101:	failure  += asserttrue (savedData.deckCount[player1]-4,G.deckCount[player1]);
        -:  102:	
        1:  103:	printf("\nTEST 2. Check to see discardCard() function within Council Room Card's code worked\n");
        -:  104:	// NOTE: used card sent to discardCard() to be added on to a played pile
        1:  105:	printf("\n   Checking... \n");
        1:  106:	printf("\n   Prev # of discard count = %d\n", savedData.playedCardCount);
        1:  107:	printf("\n   Current # of discard count = %d\n", G.playedCardCount);
        1:  108:	failure  += asserttrue (savedData.playedCardCount+1,G.playedCardCount);
        -:  109:	
        1:  110:	printf("\nTEST 3. Check if player1's numBuys increased from 1\n");
        1:  111:	printf("\n   Checking... \n");
        1:  112:	printf("\n   Prev # of discard count = %d\n", savedData.numBuys);
        1:  113:	printf("\n   Current # of discard count = %d\n", G.numBuys);
        1:  114:	failure  += asserttrue (savedData.numBuys+1,G.numBuys);
        -:  115:	
        1:  116:	printf("\nTEST 4. Check if player 2's gets to draw one card for free\n");
        1:  117:	printf("\n   Checking player 2's handCount\n");
        1:  118:	failure  += asserttrue (savedData.handCount[player2]+1,G.handCount[player2]);
        1:  119:	printf("\n   Checking player 2's deckCount\n");
        1:  120:	failure  += asserttrue (savedData.deckCount[player2]-1,G.deckCount[player2]);
        -:  121:	
        1:  122:	printf("\nTEST 5. Check if kingdom and victory cards have any bugs\n");
        1:  123:	printf("\n   Checking kingdom cards' supply piles\n");
       11:  124:	for (i = 0; i < 10; i++) {
       10:  125:		failure  += asserttrue (savedData.supplyCount[k[i]], G.supplyCount[k[i]]);
        -:  126:	}
        1:  127:	printf("\n   Checking province card pile:\n");
        1:  128:	failure  += asserttrue (savedData.supplyCount[province], G.supplyCount[province]);
        1:  129:	printf("\n   Checking duchy card pile:\n");
        1:  130:	failure  += asserttrue (savedData.supplyCount[duchy], G.supplyCount[duchy]);
        1:  131:	printf("\n   Checking estate card pile:\n");
        1:  132:	failure  += asserttrue (savedData.supplyCount[estate], G.supplyCount[estate]);
        -:  133:	
        1:  134:    if (failure > 0) {
        1:  135:        printf("\nTEST FAILED\n");
        1:  136:        printf("Count of failed tests: %d\n",failure);
        -:  137:    }
        -:  138:    else {
    #####:  139:    	printf("\nPASSED ALL THE TESTS\n");
    #####:  140:        printf("\nTEST SUCCESSFULLY COMPLETED\n\n");
        -:  141:    }
        1:  142:    printf("**********************************************\n");
        1:  143:	return 0;
        -:  144:}
