        -:    0:Source:dominion.c
        -:    0:Graph:dominion.gcno
        -:    0:Data:dominion.gcda
        -:    0:Runs:3
        -:    0:Programs:3
        -:    1:#include "dominion.h"
        -:    2:#include "dominion_helpers.h"
        -:    3:#include "rngs.h"
        -:    4:#include <stdio.h>
        -:    5:#include <math.h>
        -:    6:#include <stdlib.h>
        -:    7:
function compare called 134505 returned 100% blocks executed 83%
   134505:    8:int compare(const void* a, const void* b) {
   134505:    9:  if (*(int*)a > *(int*)b)
branch  0 taken 0% (fallthrough)
branch  1 taken 100%
    #####:   10:    return 1;
   134505:   11:  if (*(int*)a < *(int*)b)
branch  0 taken 27% (fallthrough)
branch  1 taken 73%
    35868:   12:    return -1;
    98637:   13:  return 0;
        -:   14:}
        -:   15:
function newGame called 0 returned 0% blocks executed 0%
    #####:   16:struct gameState* newGame() {
    #####:   17:  struct gameState* g = malloc(sizeof(struct gameState));
    #####:   18:  return g;
        -:   19:}
        -:   20:
function kingdomCards called 0 returned 0% blocks executed 0%
    #####:   21:int* kingdomCards(int k1, int k2, int k3, int k4, int k5, int k6, int k7,
        -:   22:		  int k8, int k9, int k10) {
    #####:   23:  int* k = malloc(10 * sizeof(int));
    #####:   24:  k[0] = k1;
    #####:   25:  k[1] = k2;
    #####:   26:  k[2] = k3;
    #####:   27:  k[3] = k4;
    #####:   28:  k[4] = k5;
    #####:   29:  k[5] = k6;
    #####:   30:  k[6] = k7;
    #####:   31:  k[7] = k8;
    #####:   32:  k[8] = k9;
    #####:   33:  k[9] = k10;
    #####:   34:  return k;
        -:   35:}
        -:   36:
function initializeGame called 3000 returned 100% blocks executed 95%
     3000:   37:int initializeGame(int numPlayers, int kingdomCards[10], int randomSeed,
        -:   38:		   struct gameState *state) {
        -:   39:
        -:   40:  int i;
        -:   41:  int j;
        -:   42:  int it;			
        -:   43:  //set up random number generator
     3000:   44:  SelectStream(1);
call    0 returned 100%
     3000:   45:  PutSeed((long)randomSeed);
call    0 returned 100%
        -:   46:  
        -:   47:  //check number of players
     3000:   48:  if (numPlayers > MAX_PLAYERS || numPlayers < 2)
branch  0 taken 100% (fallthrough)
branch  1 taken 0%
branch  2 taken 0% (fallthrough)
branch  3 taken 100%
        -:   49:    {
    #####:   50:      return -1;
        -:   51:    }
        -:   52:
        -:   53:  //set number of players
     3000:   54:  state->numPlayers = numPlayers;
        -:   55:
        -:   56:  //check selected kingdom cards are different
    33000:   57:  for (i = 0; i < 10; i++)
branch  0 taken 91%
branch  1 taken 9% (fallthrough)
        -:   58:    {
   330000:   59:      for (j = 0; j < 10; j++)
branch  0 taken 91%
branch  1 taken 9% (fallthrough)
        -:   60:        {
   300000:   61:	  if (j != i && kingdomCards[j] == kingdomCards[i])
branch  0 taken 90% (fallthrough)
branch  1 taken 10%
branch  2 taken 0% (fallthrough)
branch  3 taken 100%
        -:   62:	    {
    #####:   63:	      return -1;
        -:   64:	    }
        -:   65:        }
        -:   66:    }
        -:   67:
        -:   68:
        -:   69:  //initialize supply
        -:   70:  ///////////////////////////////
        -:   71:
        -:   72:  //set number of Curse cards
     3000:   73:  if (numPlayers == 2)
branch  0 taken 33% (fallthrough)
branch  1 taken 67%
        -:   74:    {
      993:   75:      state->supplyCount[curse] = 10;
        -:   76:    }
     2007:   77:  else if (numPlayers == 3)
branch  0 taken 52% (fallthrough)
branch  1 taken 48%
        -:   78:    {
     1047:   79:      state->supplyCount[curse] = 20;
        -:   80:    }
        -:   81:  else
        -:   82:    {
      960:   83:      state->supplyCount[curse] = 30;
        -:   84:    }
        -:   85:
        -:   86:  //set number of Victory cards
     3000:   87:  if (numPlayers == 2)
branch  0 taken 33% (fallthrough)
branch  1 taken 67%
        -:   88:    {
      993:   89:      state->supplyCount[estate] = 8;
      993:   90:      state->supplyCount[duchy] = 8;
      993:   91:      state->supplyCount[province] = 8;
        -:   92:    }
        -:   93:  else
        -:   94:    {
     2007:   95:      state->supplyCount[estate] = 12;
     2007:   96:      state->supplyCount[duchy] = 12;
     2007:   97:      state->supplyCount[province] = 12;
        -:   98:    }
        -:   99:
        -:  100:  //set number of Treasure cards
     3000:  101:  state->supplyCount[copper] = 60 - (7 * numPlayers);
     3000:  102:  state->supplyCount[silver] = 40;
     3000:  103:  state->supplyCount[gold] = 30;
        -:  104:
        -:  105:  //set number of Kingdom cards
    63000:  106:  for (i = adventurer; i <= treasure_map; i++)       	//loop all cards
branch  0 taken 95%
branch  1 taken 5% (fallthrough)
        -:  107:    {
   495000:  108:      for (j = 0; j < 10; j++)           		//loop chosen cards
branch  0 taken 94%
branch  1 taken 6% (fallthrough)
        -:  109:	{
   465000:  110:	  if (kingdomCards[j] == i)
branch  0 taken 6% (fallthrough)
branch  1 taken 94%
        -:  111:	    {
        -:  112:	      //check if card is a 'Victory' Kingdom card
    30000:  113:	      if (kingdomCards[j] == great_hall || kingdomCards[j] == gardens)
branch  0 taken 90% (fallthrough)
branch  1 taken 10%
branch  2 taken 11% (fallthrough)
branch  3 taken 89%
        -:  114:		{
    12000:  115:		  if (numPlayers == 2){ 
branch  0 taken 33% (fallthrough)
branch  1 taken 67%
     1986:  116:		    state->supplyCount[i] = 8; 
        -:  117:		  }
     4014:  118:		  else{ state->supplyCount[i] = 12; }
        -:  119:		}
        -:  120:	      else
        -:  121:		{
    24000:  122:		  state->supplyCount[i] = 10;
        -:  123:		}
    30000:  124:	      break;
        -:  125:	    }
        -:  126:	  else    //card is not in the set choosen for the game
        -:  127:	    {
   435000:  128:	      state->supplyCount[i] = -1;
        -:  129:	    }
        -:  130:	}
        -:  131:
        -:  132:    }
        -:  133:
        -:  134:  ////////////////////////
        -:  135:  //supply intilization complete
        -:  136:
        -:  137:  //set player decks
    11967:  138:  for (i = 0; i < numPlayers; i++)
branch  0 taken 75%
branch  1 taken 25% (fallthrough)
        -:  139:    {
     8967:  140:      state->deckCount[i] = 0;
    35868:  141:      for (j = 0; j < 3; j++)
branch  0 taken 75%
branch  1 taken 25% (fallthrough)
        -:  142:	{
    26901:  143:	  state->deck[i][j] = estate;
    26901:  144:	  state->deckCount[i]++;
        -:  145:	}
    71736:  146:      for (j = 3; j < 10; j++)
branch  0 taken 88%
branch  1 taken 13% (fallthrough)
        -:  147:	{
    62769:  148:	  state->deck[i][j] = copper;
    62769:  149:	  state->deckCount[i]++;		
        -:  150:	}
        -:  151:    }
        -:  152:
        -:  153:  //shuffle player decks
    11967:  154:  for (i = 0; i < numPlayers; i++)
branch  0 taken 75%
branch  1 taken 25% (fallthrough)
        -:  155:    {
     8967:  156:      if ( shuffle(i, state) < 0 )
call    0 returned 100%
branch  1 taken 0% (fallthrough)
branch  2 taken 100%
        -:  157:	{
    #####:  158:	  return -1;
        -:  159:	}
        -:  160:    }
        -:  161:
        -:  162:  //draw player hands
    11967:  163:  for (i = 0; i < numPlayers; i++)
branch  0 taken 75%
branch  1 taken 25% (fallthrough)
        -:  164:    {  
        -:  165:      //initialize hand size to zero
     8967:  166:      state->handCount[i] = 0;
     8967:  167:      state->discardCount[i] = 0;
        -:  168:      //draw 5 cards
        -:  169:      // for (j = 0; j < 5; j++)
        -:  170:      //	{
        -:  171:      //	  drawCard(i, state);
        -:  172:      //	}
        -:  173:    }
        -:  174:  
        -:  175:  //set embargo tokens to 0 for all supply piles
    84000:  176:  for (i = 0; i <= treasure_map; i++)
branch  0 taken 96%
branch  1 taken 4% (fallthrough)
        -:  177:    {
    81000:  178:      state->embargoTokens[i] = 0;
        -:  179:    }
        -:  180:
        -:  181:  //initialize first player's turn
     3000:  182:  state->outpostPlayed = 0;
     3000:  183:  state->phase = 0;
     3000:  184:  state->numActions = 1;
     3000:  185:  state->numBuys = 1;
     3000:  186:  state->playedCardCount = 0;
     3000:  187:  state->whoseTurn = 0;
     3000:  188:  state->handCount[state->whoseTurn] = 0;
        -:  189:  //int it; move to top
        -:  190:
        -:  191:  //Moved draw cards to here, only drawing at the start of a turn
    18000:  192:  for (it = 0; it < 5; it++){
branch  0 taken 83%
branch  1 taken 17% (fallthrough)
    15000:  193:    drawCard(state->whoseTurn, state);
call    0 returned 100%
        -:  194:  }
        -:  195:
     3000:  196:  updateCoins(state->whoseTurn, state, 0);
call    0 returned 100%
        -:  197:
     3000:  198:  return 0;
        -:  199:}
        -:  200:
function shuffle called 9378 returned 100% blocks executed 100%
     9378:  201:int shuffle(int player, struct gameState *state) {
        -:  202: 
        -:  203:
        -:  204:  int newDeck[MAX_DECK];
     9378:  205:  int newDeckPos = 0;
        -:  206:  int card;
        -:  207:  int i;
        -:  208:
     9378:  209:  if (state->deckCount[player] < 1)
branch  0 taken 4% (fallthrough)
branch  1 taken 96%
      411:  210:    return -1;
     8967:  211:  qsort ((void*)(state->deck[player]), state->deckCount[player], sizeof(int), compare); 
call    0 returned 100%
        -:  212:  /* SORT CARDS IN DECK TO ENSURE DETERMINISM! */
        -:  213:
   107604:  214:  while (state->deckCount[player] > 0) {
branch  0 taken 91%
branch  1 taken 9% (fallthrough)
    89670:  215:    card = floor(Random() * state->deckCount[player]);
call    0 returned 100%
    89670:  216:    newDeck[newDeckPos] = state->deck[player][card];
    89670:  217:    newDeckPos++;
   289434:  218:    for (i = card; i < state->deckCount[player]-1; i++) {
branch  0 taken 69%
branch  1 taken 31% (fallthrough)
   199764:  219:      state->deck[player][i] = state->deck[player][i+1];
        -:  220:    }
    89670:  221:    state->deckCount[player]--;
        -:  222:  }
    98637:  223:  for (i = 0; i < newDeckPos; i++) {
branch  0 taken 91%
branch  1 taken 9% (fallthrough)
    89670:  224:    state->deck[player][i] = newDeck[i];
    89670:  225:    state->deckCount[player]++;
        -:  226:  }
        -:  227:
     8967:  228:  return 0;
        -:  229:}
        -:  230:
function playCard called 0 returned 0% blocks executed 0%
    #####:  231:int playCard(int handPos, int choice1, int choice2, int choice3, struct gameState *state) 
        -:  232:{	
        -:  233:  int card;
    #####:  234:  int coin_bonus = 0; 		//tracks coins gain from actions
        -:  235:
        -:  236:  //check if it is the right phase
    #####:  237:  if (state->phase != 0)
branch  0 never executed
branch  1 never executed
        -:  238:    {
    #####:  239:      return -1;
        -:  240:    }
        -:  241:	
        -:  242:  //check if player has enough actions
    #####:  243:  if ( state->numActions < 1 )
branch  0 never executed
branch  1 never executed
        -:  244:    {
    #####:  245:      return -1;
        -:  246:    }
        -:  247:	
        -:  248:  //get card played
    #####:  249:  card = handCard(handPos, state);
call    0 never executed
        -:  250:	
        -:  251:  //check if selected card is an action
    #####:  252:  if ( card < adventurer || card > treasure_map )
branch  0 never executed
branch  1 never executed
branch  2 never executed
branch  3 never executed
        -:  253:    {
    #####:  254:      return -1;
        -:  255:    }
        -:  256:	
        -:  257:  //play card
    #####:  258:  if ( cardEffect(card, choice1, choice2, choice3, state, handPos, &coin_bonus) < 0 )
call    0 never executed
branch  1 never executed
branch  2 never executed
        -:  259:    {
    #####:  260:      return -1;
        -:  261:    }
        -:  262:	
        -:  263:  //reduce number of actions
    #####:  264:  state->numActions--;
        -:  265:
        -:  266:  //update coins (Treasure cards may be added with card draws)
    #####:  267:  updateCoins(state->whoseTurn, state, coin_bonus);
call    0 never executed
        -:  268:	
    #####:  269:  return 0;
        -:  270:}
        -:  271:
function buyCard called 0 returned 0% blocks executed 0%
    #####:  272:int buyCard(int supplyPos, struct gameState *state) {
        -:  273:  int who;
        -:  274:  if (DEBUG){
        -:  275:    printf("Entering buyCard...\n");
        -:  276:  }
        -:  277:
        -:  278:  // I don't know what to do about the phase thing.
        -:  279:
    #####:  280:  who = state->whoseTurn;
        -:  281:
    #####:  282:  if (state->numBuys < 1){
branch  0 never executed
branch  1 never executed
        -:  283:    if (DEBUG)
        -:  284:      printf("You do not have any buys left\n");
    #####:  285:    return -1;
    #####:  286:  } else if (supplyCount(supplyPos, state) <1){
call    0 never executed
branch  1 never executed
branch  2 never executed
        -:  287:    if (DEBUG)
        -:  288:      printf("There are not any of that type of card left\n");
    #####:  289:    return -1;
    #####:  290:  } else if (state->coins < getCost(supplyPos)){
call    0 never executed
branch  1 never executed
branch  2 never executed
        -:  291:    if (DEBUG) 
        -:  292:      printf("You do not have enough money to buy that. You have %d coins.\n", state->coins);
    #####:  293:    return -1;
        -:  294:  } else {
    #####:  295:    state->phase=1;
        -:  296:    //state->supplyCount[supplyPos]--;
    #####:  297:    gainCard(supplyPos, state, 0, who); //card goes in discard, this might be wrong.. (2 means goes into hand, 0 goes into discard)
call    0 never executed
        -:  298:  
    #####:  299:    state->coins = (state->coins) - (getCost(supplyPos));
call    0 never executed
    #####:  300:    state->numBuys--;
        -:  301:    if (DEBUG)
        -:  302:      printf("You bought card number %d for %d coins. You now have %d buys and %d coins.\n", supplyPos, getCost(supplyPos), state->numBuys, state->coins);
        -:  303:  }
        -:  304:
        -:  305:  //state->discard[who][state->discardCount[who]] = supplyPos;
        -:  306:  //state->discardCount[who]++;
        -:  307:    
    #####:  308:  return 0;
        -:  309:}
        -:  310:
function numHandCards called 0 returned 0% blocks executed 0%
    #####:  311:int numHandCards(struct gameState *state) {
    #####:  312:  return state->handCount[ whoseTurn(state) ];
call    0 never executed
        -:  313:}
        -:  314:
function handCard called 0 returned 0% blocks executed 0%
    #####:  315:int handCard(int handPos, struct gameState *state) {
    #####:  316:  int currentPlayer = whoseTurn(state);
call    0 never executed
    #####:  317:  return state->hand[currentPlayer][handPos];
        -:  318:}
        -:  319:
function supplyCount called 0 returned 0% blocks executed 0%
    #####:  320:int supplyCount(int card, struct gameState *state) {
    #####:  321:  return state->supplyCount[card];
        -:  322:}
        -:  323:
function fullDeckCount called 0 returned 0% blocks executed 0%
    #####:  324:int fullDeckCount(int player, int card, struct gameState *state) {
        -:  325:  int i;
    #####:  326:  int count = 0;
        -:  327:
    #####:  328:  for (i = 0; i < state->deckCount[player]; i++)
branch  0 never executed
branch  1 never executed
        -:  329:    {
    #####:  330:      if (state->deck[player][i] == card) count++;
branch  0 never executed
branch  1 never executed
        -:  331:    }
        -:  332:
    #####:  333:  for (i = 0; i < state->handCount[player]; i++)
branch  0 never executed
branch  1 never executed
        -:  334:    {
    #####:  335:      if (state->hand[player][i] == card) count++;
branch  0 never executed
branch  1 never executed
        -:  336:    }
        -:  337:
    #####:  338:  for (i = 0; i < state->discardCount[player]; i++)
branch  0 never executed
branch  1 never executed
        -:  339:    {
    #####:  340:      if (state->discard[player][i] == card) count++;
branch  0 never executed
branch  1 never executed
        -:  341:    }
        -:  342:
    #####:  343:  return count;
        -:  344:}
        -:  345:
function whoseTurn called 3000 returned 100% blocks executed 100%
     3000:  346:int whoseTurn(struct gameState *state) {
     3000:  347:  return state->whoseTurn;
        -:  348:}
        -:  349:
function endTurn called 0 returned 0% blocks executed 0%
    #####:  350:int endTurn(struct gameState *state) {
        -:  351:  int k;
        -:  352:  int i;
    #####:  353:  int currentPlayer = whoseTurn(state);
call    0 never executed
        -:  354:  
        -:  355:  //Discard hand
    #####:  356:  for (i = 0; i < state->handCount[currentPlayer]; i++){
branch  0 never executed
branch  1 never executed
    #####:  357:    state->discard[currentPlayer][state->discardCount[currentPlayer]++] = state->hand[currentPlayer][i];//Discard
    #####:  358:    state->hand[currentPlayer][i] = -1;//Set card to -1
        -:  359:  }
    #####:  360:  state->handCount[currentPlayer] = 0;//Reset hand count
        -:  361:    
        -:  362:  //Code for determining the player
    #####:  363:  if (currentPlayer < (state->numPlayers - 1)){ 
branch  0 never executed
branch  1 never executed
    #####:  364:    state->whoseTurn = currentPlayer + 1;//Still safe to increment
        -:  365:  }
        -:  366:  else{
    #####:  367:    state->whoseTurn = 0;//Max player has been reached, loop back around to player 1
        -:  368:  }
        -:  369:
    #####:  370:  state->outpostPlayed = 0;
    #####:  371:  state->phase = 0;
    #####:  372:  state->numActions = 1;
    #####:  373:  state->coins = 0;
    #####:  374:  state->numBuys = 1;
    #####:  375:  state->playedCardCount = 0;
    #####:  376:  state->handCount[state->whoseTurn] = 0;
        -:  377:
        -:  378:  //int k; move to top
        -:  379:  //Next player draws hand
    #####:  380:  for (k = 0; k < 5; k++){
branch  0 never executed
branch  1 never executed
    #####:  381:    drawCard(state->whoseTurn, state);//Draw a card
call    0 never executed
        -:  382:  }
        -:  383:
        -:  384:  //Update money
    #####:  385:  updateCoins(state->whoseTurn, state , 0);
call    0 never executed
        -:  386:
    #####:  387:  return 0;
        -:  388:}
        -:  389:
function isGameOver called 0 returned 0% blocks executed 0%
    #####:  390:int isGameOver(struct gameState *state) {
        -:  391:  int i;
        -:  392:  int j;
        -:  393:	
        -:  394:  //if stack of Province cards is empty, the game ends
    #####:  395:  if (state->supplyCount[province] == 0)
branch  0 never executed
branch  1 never executed
        -:  396:    {
    #####:  397:      return 1;
        -:  398:    }
        -:  399:
        -:  400:  //if three supply pile are at 0, the game ends
    #####:  401:  j = 0;
    #####:  402:  for (i = 0; i < 25; i++)
branch  0 never executed
branch  1 never executed
        -:  403:    {
    #####:  404:      if (state->supplyCount[i] == 0)
branch  0 never executed
branch  1 never executed
        -:  405:	{
    #####:  406:	  j++;
        -:  407:	}
        -:  408:    }
    #####:  409:  if ( j >= 3)
branch  0 never executed
branch  1 never executed
        -:  410:    {
    #####:  411:      return 1;
        -:  412:    }
        -:  413:
    #####:  414:  return 0;
        -:  415:}
        -:  416:
function scoreFor called 0 returned 0% blocks executed 0%
    #####:  417:int scoreFor (int player, struct gameState *state) {
        -:  418:
        -:  419:  int i;
    #####:  420:  int score = 0;
        -:  421:  //score from hand
    #####:  422:  for (i = 0; i < state->handCount[player]; i++)
branch  0 never executed
branch  1 never executed
        -:  423:    {
    #####:  424:      if (state->hand[player][i] == curse) { score = score - 1; };
branch  0 never executed
branch  1 never executed
    #####:  425:      if (state->hand[player][i] == estate) { score = score + 1; };
branch  0 never executed
branch  1 never executed
    #####:  426:      if (state->hand[player][i] == duchy) { score = score + 3; };
branch  0 never executed
branch  1 never executed
    #####:  427:      if (state->hand[player][i] == province) { score = score + 6; };
branch  0 never executed
branch  1 never executed
    #####:  428:      if (state->hand[player][i] == great_hall) { score = score + 1; };
branch  0 never executed
branch  1 never executed
    #####:  429:      if (state->hand[player][i] == gardens) { score = score + ( fullDeckCount(player, 0, state) / 10 ); };
branch  0 never executed
branch  1 never executed
call    2 never executed
        -:  430:    }
        -:  431:
        -:  432:  //score from discard
    #####:  433:  for (i = 0; i < state->discardCount[player]; i++)
branch  0 never executed
branch  1 never executed
        -:  434:    {
    #####:  435:      if (state->discard[player][i] == curse) { score = score - 1; };
branch  0 never executed
branch  1 never executed
    #####:  436:      if (state->discard[player][i] == estate) { score = score + 1; };
branch  0 never executed
branch  1 never executed
    #####:  437:      if (state->discard[player][i] == duchy) { score = score + 3; };
branch  0 never executed
branch  1 never executed
    #####:  438:      if (state->discard[player][i] == province) { score = score + 6; };
branch  0 never executed
branch  1 never executed
    #####:  439:      if (state->discard[player][i] == great_hall) { score = score + 1; };
branch  0 never executed
branch  1 never executed
    #####:  440:      if (state->discard[player][i] == gardens) { score = score + ( fullDeckCount(player, 0, state) / 10 ); };
branch  0 never executed
branch  1 never executed
call    2 never executed
        -:  441:    }
        -:  442:
        -:  443:  //score from deck
    #####:  444:  for (i = 0; i < state->discardCount[player]; i++)
branch  0 never executed
branch  1 never executed
        -:  445:    {
    #####:  446:      if (state->deck[player][i] == curse) { score = score - 1; };
branch  0 never executed
branch  1 never executed
    #####:  447:      if (state->deck[player][i] == estate) { score = score + 1; };
branch  0 never executed
branch  1 never executed
    #####:  448:      if (state->deck[player][i] == duchy) { score = score + 3; };
branch  0 never executed
branch  1 never executed
    #####:  449:      if (state->deck[player][i] == province) { score = score + 6; };
branch  0 never executed
branch  1 never executed
    #####:  450:      if (state->deck[player][i] == great_hall) { score = score + 1; };
branch  0 never executed
branch  1 never executed
    #####:  451:      if (state->deck[player][i] == gardens) { score = score + ( fullDeckCount(player, 0, state) / 10 ); };
branch  0 never executed
branch  1 never executed
call    2 never executed
        -:  452:    }
        -:  453:
    #####:  454:  return score;
        -:  455:}
        -:  456:
function getWinners called 0 returned 0% blocks executed 0%
    #####:  457:int getWinners(int players[MAX_PLAYERS], struct gameState *state) {
        -:  458:  int i;	
        -:  459:  int j;
        -:  460:  int highScore;
        -:  461:  int currentPlayer;
        -:  462:
        -:  463:  //get score for each player
    #####:  464:  for (i = 0; i < MAX_PLAYERS; i++)
branch  0 never executed
branch  1 never executed
        -:  465:    {
        -:  466:      //set unused player scores to -9999
    #####:  467:      if (i >= state->numPlayers)
branch  0 never executed
branch  1 never executed
        -:  468:	{
    #####:  469:	  players[i] = -9999;
        -:  470:	}
        -:  471:      else
        -:  472:	{
    #####:  473:	  players[i] = scoreFor (i, state);
call    0 never executed
        -:  474:	}
        -:  475:    }
        -:  476:
        -:  477:  //find highest score
    #####:  478:  j = 0;
    #####:  479:  for (i = 0; i < MAX_PLAYERS; i++)
branch  0 never executed
branch  1 never executed
        -:  480:    {
    #####:  481:      if (players[i] > players[j])
branch  0 never executed
branch  1 never executed
        -:  482:	{
    #####:  483:	  j = i;
        -:  484:	}
        -:  485:    }
    #####:  486:  highScore = players[j];
        -:  487:
        -:  488:  //add 1 to players who had less turns
    #####:  489:  currentPlayer = whoseTurn(state);
call    0 never executed
    #####:  490:  for (i = 0; i < MAX_PLAYERS; i++)
branch  0 never executed
branch  1 never executed
        -:  491:    {
    #####:  492:      if ( players[i] == highScore && i > currentPlayer )
branch  0 never executed
branch  1 never executed
branch  2 never executed
branch  3 never executed
        -:  493:	{
    #####:  494:	  players[i]++;
        -:  495:	}
        -:  496:    }
        -:  497:
        -:  498:  //find new highest score
    #####:  499:  j = 0;
    #####:  500:  for (i = 0; i < MAX_PLAYERS; i++)
branch  0 never executed
branch  1 never executed
        -:  501:    {
    #####:  502:      if ( players[i] > players[j] )
branch  0 never executed
branch  1 never executed
        -:  503:	{
    #####:  504:	  j = i;
        -:  505:	}
        -:  506:    }
    #####:  507:  highScore = players[j];
        -:  508:
        -:  509:  //set winners in array to 1 and rest to 0
    #####:  510:  for (i = 0; i < MAX_PLAYERS; i++)
branch  0 never executed
branch  1 never executed
        -:  511:    {
    #####:  512:      if ( players[i] == highScore )
branch  0 never executed
branch  1 never executed
        -:  513:	{
    #####:  514:	  players[i] = 1;
        -:  515:	}
        -:  516:      else
        -:  517:	{
    #####:  518:	  players[i] = 0;
        -:  519:	}
        -:  520:    }
        -:  521:
    #####:  522:  return 0;
        -:  523:}
        -:  524:
function drawCard called 47307 returned 100% blocks executed 85%
    47307:  525:int drawCard(int player, struct gameState *state)
        -:  526:{	int count;
        -:  527:  int deckCounter;
    47307:  528:  if (state->deckCount[player] <= 0){//Deck is empty
branch  0 taken 1% (fallthrough)
branch  1 taken 99%
        -:  529:    
        -:  530:    //Step 1 Shuffle the discard pile back into a deck
        -:  531:    int i;
        -:  532:    //Move discard to deck
      218:  533:    for (i = 0; i < state->discardCount[player];i++){
branch  0 taken 0%
branch  1 taken 100% (fallthrough)
    #####:  534:      state->deck[player][i] = state->discard[player][i];
    #####:  535:      state->discard[player][i] = -1;
        -:  536:    }
        -:  537:
      218:  538:    state->deckCount[player] = state->discardCount[player];
      218:  539:    state->discardCount[player] = 0;//Reset discard
        -:  540:
        -:  541:    //Shufffle the deck
      218:  542:    shuffle(player, state);//Shuffle the deck up and make it so that we can draw
call    0 returned 100%
        -:  543:   
        -:  544:    if (DEBUG){//Debug statements
        -:  545:      printf("Deck count now: %d\n", state->deckCount[player]);
        -:  546:    }
        -:  547:    
      218:  548:    state->discardCount[player] = 0;
        -:  549:
        -:  550:    //Step 2 Draw Card
      218:  551:    count = state->handCount[player];//Get current player's hand count
        -:  552:    
        -:  553:    if (DEBUG){//Debug statements
        -:  554:      printf("Current hand count: %d\n", count);
        -:  555:    }
        -:  556:    
      218:  557:    deckCounter = state->deckCount[player];//Create a holder for the deck count
        -:  558:
      218:  559:    if (deckCounter == 0)
branch  0 taken 100% (fallthrough)
branch  1 taken 0%
      218:  560:      return -1;
        -:  561:
    #####:  562:    state->hand[player][count] = state->deck[player][deckCounter - 1];//Add card to hand
    #####:  563:    state->deckCount[player]--;
    #####:  564:    state->handCount[player]++;//Increment hand count
        -:  565:  }
        -:  566:
        -:  567:  else{
    47089:  568:    int count = state->handCount[player];//Get current hand count for player
        -:  569:    int deckCounter;
        -:  570:    if (DEBUG){//Debug statements
        -:  571:      printf("Current hand count: %d\n", count);
        -:  572:    }
        -:  573:
    47089:  574:    deckCounter = state->deckCount[player];//Create holder for the deck count
    47089:  575:    state->hand[player][count] = state->deck[player][deckCounter - 1];//Add card to the hand
    47089:  576:    state->deckCount[player]--;
    47089:  577:    state->handCount[player]++;//Increment hand count
        -:  578:  }
        -:  579:
    47089:  580:  return 0;
        -:  581:}
        -:  582:
function getCost called 0 returned 0% blocks executed 0%
    #####:  583:int getCost(int cardNumber)
        -:  584:{
    #####:  585:  switch( cardNumber ) 
branch  0 never executed
branch  1 never executed
branch  2 never executed
branch  3 never executed
branch  4 never executed
branch  5 never executed
branch  6 never executed
branch  7 never executed
branch  8 never executed
branch  9 never executed
branch 10 never executed
branch 11 never executed
branch 12 never executed
branch 13 never executed
branch 14 never executed
branch 15 never executed
branch 16 never executed
branch 17 never executed
branch 18 never executed
branch 19 never executed
branch 20 never executed
branch 21 never executed
branch 22 never executed
branch 23 never executed
branch 24 never executed
branch 25 never executed
branch 26 never executed
branch 27 never executed
        -:  586:    {
        -:  587:    case curse:
    #####:  588:      return 0;
        -:  589:    case estate:
    #####:  590:      return 2;
        -:  591:    case duchy:
    #####:  592:      return 5;
        -:  593:    case province:
    #####:  594:      return 8;
        -:  595:    case copper:
    #####:  596:      return 0;
        -:  597:    case silver:
    #####:  598:      return 3;
        -:  599:    case gold:
    #####:  600:      return 6;
        -:  601:    case adventurer:
    #####:  602:      return 6;
        -:  603:    case council_room:
    #####:  604:      return 5;
        -:  605:    case feast:
    #####:  606:      return 4;
        -:  607:    case gardens:
    #####:  608:      return 4;
        -:  609:    case mine:
    #####:  610:      return 5;
        -:  611:    case remodel:
    #####:  612:      return 4;
        -:  613:    case smithy:
    #####:  614:      return 4;
        -:  615:    case village:
    #####:  616:      return 3;
        -:  617:    case baron:
    #####:  618:      return 4;
        -:  619:    case great_hall:
    #####:  620:      return 3;
        -:  621:    case minion:
    #####:  622:      return 5;
        -:  623:    case steward:
    #####:  624:      return 3;
        -:  625:    case tribute:
    #####:  626:      return 5;
        -:  627:    case ambassador:
    #####:  628:      return 3;
        -:  629:    case cutpurse:
    #####:  630:      return 4;
        -:  631:    case embargo: 
    #####:  632:      return 2;
        -:  633:    case outpost:
    #####:  634:      return 5;
        -:  635:    case salvager:
    #####:  636:      return 4;
        -:  637:    case sea_hag:
    #####:  638:      return 4;
        -:  639:    case treasure_map:
    #####:  640:      return 4;
        -:  641:    }
        -:  642:	
    #####:  643:  return -1;
        -:  644:}
        -:  645:
function cardEffect called 3000 returned 100% blocks executed 4%
     3000:  646:int cardEffect(int card, int choice1, int choice2, int choice3, struct gameState *state, int handPos, int *bonus)
        -:  647:{
        -:  648:  int i;
        -:  649:  int j;
        -:  650:  int k;
        -:  651:  int index;
     3000:  652:  int currentPlayer = whoseTurn(state);
call    0 returned 100%
     3000:  653:  int nextPlayer = currentPlayer + 1;
     3000:  654:  int tributeRevealedCards[2] = {-1, -1};
     3000:  655:  if (nextPlayer > (state->numPlayers - 1)){
branch  0 taken 36% (fallthrough)
branch  1 taken 64%
     1080:  656:    nextPlayer = 0;
        -:  657:  }
        -:  658:  // variables NOT needed after refactoring
        -:  659:  //int x;
        -:  660:  //int temphand[MAX_HAND];// moved above the if statement
        -:  661:  //int drawntreasure=0;
        -:  662:  //int cardDrawn;
        -:  663:  //int z = 0;// this is the counter for the temp hand
        -:  664:  
        -:  665:	
        -:  666:  //uses switch to select card and perform actions
     3000:  667:  switch( card ) 
branch  0 taken 33%
branch  1 taken 0%
branch  2 taken 0%
branch  3 taken 0%
branch  4 taken 0%
branch  5 taken 0%
branch  6 taken 33%
branch  7 taken 33%
branch  8 taken 0%
branch  9 taken 0%
branch 10 taken 0%
branch 11 taken 0%
branch 12 taken 0%
branch 13 taken 0%
branch 14 taken 0%
branch 15 taken 0%
branch 16 taken 0%
branch 17 taken 0%
branch 18 taken 0%
branch 19 taken 0%
branch 20 taken 0%
        -:  668:    {
        -:  669:    // Code Refactored with Bugs
        -:  670:    case adventurer:
     1000:  671:      return cardEffect_adventurer (currentPlayer, state);
call    0 returned 100%
        -:  672:	
        -:  673:	// Code Refactored with Bugs
        -:  674:    case council_room:
    #####:  675:      return cardEffect_council_room (currentPlayer, state, handPos);
call    0 never executed
        -:  676:	
        -:  677:	// Code Refactored		
        -:  678:    case feast:
    #####:  679:      return cardEffect_feast (currentPlayer, state, handPos, choice1);
call    0 never executed
        -:  680:     
        -:  681:    case gardens:
    #####:  682:      return -1;
        -:  683:			
        -:  684:    case mine:
    #####:  685:      j = state->hand[currentPlayer][choice1];  //store card we will trash
        -:  686:
    #####:  687:      if (state->hand[currentPlayer][choice1] < copper || state->hand[currentPlayer][choice1] > gold)
branch  0 never executed
branch  1 never executed
branch  2 never executed
branch  3 never executed
        -:  688:	{
    #####:  689:	  return -1;
        -:  690:	}
        -:  691:		
    #####:  692:      if (choice2 > treasure_map || choice2 < curse)
branch  0 never executed
branch  1 never executed
branch  2 never executed
branch  3 never executed
        -:  693:	{
    #####:  694:	  return -1;
        -:  695:	}
        -:  696:
    #####:  697:      if ( (getCost(state->hand[currentPlayer][choice1]) + 3) > getCost(choice2) )
call    0 never executed
call    1 never executed
branch  2 never executed
branch  3 never executed
        -:  698:	{
    #####:  699:	  return -1;
        -:  700:	}
        -:  701:
    #####:  702:      gainCard(choice2, state, 2, currentPlayer);
call    0 never executed
        -:  703:
        -:  704:      //discard card from hand
    #####:  705:      discardCard(handPos, currentPlayer, state, 0);
call    0 never executed
        -:  706:
        -:  707:      //discard trashed card
    #####:  708:      for (i = 0; i < state->handCount[currentPlayer]; i++)
branch  0 never executed
branch  1 never executed
        -:  709:	{
    #####:  710:	  if (state->hand[currentPlayer][i] == j)
branch  0 never executed
branch  1 never executed
        -:  711:	    {
    #####:  712:	      discardCard(i, currentPlayer, state, 0);			
call    0 never executed
    #####:  713:	      break;
        -:  714:	    }
        -:  715:	}
        -:  716:			
    #####:  717:      return 0;
        -:  718:			
        -:  719:    case remodel:
    #####:  720:      j = state->hand[currentPlayer][choice1];  //store card we will trash
        -:  721:
    #####:  722:      if ( (getCost(state->hand[currentPlayer][choice1]) + 2) > getCost(choice2) )
call    0 never executed
call    1 never executed
branch  2 never executed
branch  3 never executed
        -:  723:	{
    #####:  724:	  return -1;
        -:  725:	}
        -:  726:
    #####:  727:      gainCard(choice2, state, 0, currentPlayer);
call    0 never executed
        -:  728:
        -:  729:      //discard card from hand
    #####:  730:      discardCard(handPos, currentPlayer, state, 0);
call    0 never executed
        -:  731:
        -:  732:      //discard trashed card
    #####:  733:      for (i = 0; i < state->handCount[currentPlayer]; i++)
branch  0 never executed
branch  1 never executed
        -:  734:	{
    #####:  735:	  if (state->hand[currentPlayer][i] == j)
branch  0 never executed
branch  1 never executed
        -:  736:	    {
    #####:  737:	      discardCard(i, currentPlayer, state, 0);			
call    0 never executed
    #####:  738:	      break;
        -:  739:	    }
        -:  740:	}
    #####:  741:      return 0;
        -:  742:		
        -:  743:    // Code Refactored with Bugs
        -:  744:    case smithy:
     1000:  745:    	return cardEffect_smithy(currentPlayer, state, handPos);
call    0 returned 100%
        -:  746:		
        -:  747:    // Code Refactored with Bugs
        -:  748:    case village:
     1000:  749:    	return cardEffect_village (currentPlayer, state, handPos);
call    0 returned 100%
        -:  750:		
        -:  751:    case baron:
    #####:  752:      state->numBuys++;//Increase buys by 1!
    #####:  753:      if (choice1 > 0){//Boolean true or going to discard an estate
branch  0 never executed
branch  1 never executed
    #####:  754:	int p = 0;//Iterator for hand!
    #####:  755:	int card_not_discarded = 1;//Flag for discard set!
    #####:  756:	while(card_not_discarded){
branch  0 never executed
branch  1 never executed
    #####:  757:	  if (state->hand[currentPlayer][p] == estate){//Found an estate card!
branch  0 never executed
branch  1 never executed
    #####:  758:	    state->coins += 4;//Add 4 coins to the amount of coins
    #####:  759:	    state->discard[currentPlayer][state->discardCount[currentPlayer]] = state->hand[currentPlayer][p];
    #####:  760:	    state->discardCount[currentPlayer]++;
    #####:  761:	    for (;p < state->handCount[currentPlayer]; p++){
branch  0 never executed
branch  1 never executed
    #####:  762:	      state->hand[currentPlayer][p] = state->hand[currentPlayer][p+1];
        -:  763:	    }
    #####:  764:	    state->hand[currentPlayer][state->handCount[currentPlayer]] = -1;
    #####:  765:	    state->handCount[currentPlayer]--;
    #####:  766:	    card_not_discarded = 0;//Exit the loop
        -:  767:	  }
    #####:  768:	  else if (p > state->handCount[currentPlayer]){
branch  0 never executed
branch  1 never executed
        -:  769:	    if(DEBUG) {
        -:  770:	      printf("No estate cards in your hand, invalid choice\n");
        -:  771:	      printf("Must gain an estate if there are any\n");
        -:  772:	    }
    #####:  773:	    if (supplyCount(estate, state) > 0){
call    0 never executed
branch  1 never executed
branch  2 never executed
    #####:  774:	      gainCard(estate, state, 0, currentPlayer);
call    0 never executed
    #####:  775:	      state->supplyCount[estate]--;//Decrement estates
    #####:  776:	      if (supplyCount(estate, state) == 0){
call    0 never executed
branch  1 never executed
branch  2 never executed
    #####:  777:		isGameOver(state);
call    0 never executed
        -:  778:	      }
        -:  779:	    }
    #####:  780:	    card_not_discarded = 0;//Exit the loop
        -:  781:	  }
        -:  782:			    
        -:  783:	  else{
    #####:  784:	    p++;//Next card
        -:  785:	  }
        -:  786:	}
        -:  787:      }
        -:  788:			    
        -:  789:      else{
    #####:  790:	if (supplyCount(estate, state) > 0){
call    0 never executed
branch  1 never executed
branch  2 never executed
    #####:  791:	  gainCard(estate, state, 0, currentPlayer);//Gain an estate
call    0 never executed
    #####:  792:	  state->supplyCount[estate]--;//Decrement Estates
    #####:  793:	  if (supplyCount(estate, state) == 0){
call    0 never executed
branch  1 never executed
branch  2 never executed
    #####:  794:	    isGameOver(state);
call    0 never executed
        -:  795:	  }
        -:  796:	}
        -:  797:      }
        -:  798:	    
        -:  799:      
    #####:  800:      return 0;
        -:  801:		
        -:  802:    case great_hall:
        -:  803:      //+1 Card
    #####:  804:      drawCard(currentPlayer, state);
call    0 never executed
        -:  805:			
        -:  806:      //+1 Actions
    #####:  807:      state->numActions++;
        -:  808:			
        -:  809:      //discard card from hand
    #####:  810:      discardCard(handPos, currentPlayer, state, 0);
call    0 never executed
    #####:  811:      return 0;
        -:  812:		
        -:  813:    case minion:
        -:  814:      //+1 action
    #####:  815:      state->numActions++;
        -:  816:			
        -:  817:      //discard card from hand
    #####:  818:      discardCard(handPos, currentPlayer, state, 0);
call    0 never executed
        -:  819:			
    #####:  820:      if (choice1)		//+2 coins
branch  0 never executed
branch  1 never executed
        -:  821:	{
    #####:  822:	  state->coins = state->coins + 2;
        -:  823:	}
        -:  824:			
    #####:  825:      else if (choice2)		//discard hand, redraw 4, other players with 5+ cards discard hand and draw 4
branch  0 never executed
branch  1 never executed
        -:  826:	{
        -:  827:	  //discard hand
    #####:  828:	  while(numHandCards(state) > 0)
call    0 never executed
branch  1 never executed
branch  2 never executed
        -:  829:	    {
    #####:  830:	      discardCard(handPos, currentPlayer, state, 0);
call    0 never executed
        -:  831:	    }
        -:  832:				
        -:  833:	  //draw 4
    #####:  834:	  for (i = 0; i < 4; i++)
branch  0 never executed
branch  1 never executed
        -:  835:	    {
    #####:  836:	      drawCard(currentPlayer, state);
call    0 never executed
        -:  837:	    }
        -:  838:				
        -:  839:	  //other players discard hand and redraw if hand size > 4
    #####:  840:	  for (i = 0; i < state->numPlayers; i++)
branch  0 never executed
branch  1 never executed
        -:  841:	    {
    #####:  842:	      if (i != currentPlayer)
branch  0 never executed
branch  1 never executed
        -:  843:		{
    #####:  844:		  if ( state->handCount[i] > 4 )
branch  0 never executed
branch  1 never executed
        -:  845:		    {
        -:  846:		      //discard hand
    #####:  847:		      while( state->handCount[i] > 0 )
branch  0 never executed
branch  1 never executed
        -:  848:			{
    #####:  849:			  discardCard(handPos, i, state, 0);
call    0 never executed
        -:  850:			}
        -:  851:							
        -:  852:		      //draw 4
    #####:  853:		      for (j = 0; j < 4; j++)
branch  0 never executed
branch  1 never executed
        -:  854:			{
    #####:  855:			  drawCard(i, state);
call    0 never executed
        -:  856:			}
        -:  857:		    }
        -:  858:		}
        -:  859:	    }
        -:  860:				
        -:  861:	}
    #####:  862:      return 0;
        -:  863:		
        -:  864:    case steward:
    #####:  865:      if (choice1 == 1)
branch  0 never executed
branch  1 never executed
        -:  866:	{
        -:  867:	  //+2 cards
    #####:  868:	  drawCard(currentPlayer, state);
call    0 never executed
    #####:  869:	  drawCard(currentPlayer, state);
call    0 never executed
        -:  870:	}
    #####:  871:      else if (choice1 == 2)
branch  0 never executed
branch  1 never executed
        -:  872:	{
        -:  873:	  //+2 coins
    #####:  874:	  state->coins = state->coins + 2;
        -:  875:	}
        -:  876:      else
        -:  877:	{
        -:  878:	  //trash 2 cards in hand
    #####:  879:	  discardCard(choice2, currentPlayer, state, 1);
call    0 never executed
    #####:  880:	  discardCard(choice3, currentPlayer, state, 1);
call    0 never executed
        -:  881:	}
        -:  882:			
        -:  883:      //discard card from hand
    #####:  884:      discardCard(handPos, currentPlayer, state, 0);
call    0 never executed
    #####:  885:      return 0;
        -:  886:		
        -:  887:    case tribute:
    #####:  888:      if ((state->discardCount[nextPlayer] + state->deckCount[nextPlayer]) <= 1){
branch  0 never executed
branch  1 never executed
    #####:  889:	if (state->deckCount[nextPlayer] > 0){
branch  0 never executed
branch  1 never executed
    #####:  890:	  tributeRevealedCards[0] = state->deck[nextPlayer][state->deckCount[nextPlayer]-1];
    #####:  891:	  state->deckCount[nextPlayer]--;
        -:  892:	}
    #####:  893:	else if (state->discardCount[nextPlayer] > 0){
branch  0 never executed
branch  1 never executed
    #####:  894:	  tributeRevealedCards[0] = state->discard[nextPlayer][state->discardCount[nextPlayer]-1];
    #####:  895:	  state->discardCount[nextPlayer]--;
        -:  896:	}
        -:  897:	else{
        -:  898:	  //No Card to Reveal
        -:  899:	  if (DEBUG){
        -:  900:	    printf("No cards to reveal\n");
        -:  901:	  }
        -:  902:	}
        -:  903:      }
        -:  904:	    
        -:  905:      else{
    #####:  906:	if (state->deckCount[nextPlayer] == 0){
branch  0 never executed
branch  1 never executed
    #####:  907:	  for (i = 0; i < state->discardCount[nextPlayer]; i++){
branch  0 never executed
branch  1 never executed
    #####:  908:	    state->deck[nextPlayer][i] = state->discard[nextPlayer][i];//Move to deck
    #####:  909:	    state->deckCount[nextPlayer]++;
    #####:  910:	    state->discard[nextPlayer][i] = -1;
    #####:  911:	    state->discardCount[nextPlayer]--;
        -:  912:	  }
        -:  913:			    
    #####:  914:	  shuffle(nextPlayer,state);//Shuffle the deck
call    0 never executed
        -:  915:	} 
    #####:  916:	tributeRevealedCards[0] = state->deck[nextPlayer][state->deckCount[nextPlayer]-1];
    #####:  917:	state->deck[nextPlayer][state->deckCount[nextPlayer]--] = -1;
    #####:  918:	state->deckCount[nextPlayer]--;
    #####:  919:	tributeRevealedCards[1] = state->deck[nextPlayer][state->deckCount[nextPlayer]-1];
    #####:  920:	state->deck[nextPlayer][state->deckCount[nextPlayer]--] = -1;
    #####:  921:	state->deckCount[nextPlayer]--;
        -:  922:      }    
        -:  923:		       
    #####:  924:      if (tributeRevealedCards[0] == tributeRevealedCards[1]){//If we have a duplicate card, just drop one 
branch  0 never executed
branch  1 never executed
    #####:  925:	state->playedCards[state->playedCardCount] = tributeRevealedCards[1];
    #####:  926:	state->playedCardCount++;
    #####:  927:	tributeRevealedCards[1] = -1;
        -:  928:      }
        -:  929:
    #####:  930:      for (i = 0; i <= 2; i ++){
branch  0 never executed
branch  1 never executed
    #####:  931:	if (tributeRevealedCards[i] == copper || tributeRevealedCards[i] == silver || tributeRevealedCards[i] == gold){//Treasure cards
branch  0 never executed
branch  1 never executed
branch  2 never executed
branch  3 never executed
branch  4 never executed
branch  5 never executed
    #####:  932:	  state->coins += 2;
        -:  933:	}
        -:  934:		    
    #####:  935:	else if (tributeRevealedCards[i] == estate || tributeRevealedCards[i] == duchy || tributeRevealedCards[i] == province || tributeRevealedCards[i] == gardens || tributeRevealedCards[i] == great_hall){//Victory Card Found
branch  0 never executed
branch  1 never executed
branch  2 never executed
branch  3 never executed
branch  4 never executed
branch  5 never executed
branch  6 never executed
branch  7 never executed
branch  8 never executed
branch  9 never executed
    #####:  936:	  drawCard(currentPlayer, state);
call    0 never executed
    #####:  937:	  drawCard(currentPlayer, state);
call    0 never executed
        -:  938:	}
        -:  939:	else{//Action Card
    #####:  940:	  state->numActions = state->numActions + 2;
        -:  941:	}
        -:  942:      }
        -:  943:	    
    #####:  944:      return 0;
        -:  945:		
        -:  946:    case ambassador:
    #####:  947:      j = 0;		//used to check if player has enough cards to discard
        -:  948:
    #####:  949:      if (choice2 > 2 || choice2 < 0)
branch  0 never executed
branch  1 never executed
branch  2 never executed
branch  3 never executed
        -:  950:	{
    #####:  951:	  return -1;				
        -:  952:	}
        -:  953:
    #####:  954:      if (choice1 == handPos)
branch  0 never executed
branch  1 never executed
        -:  955:	{
    #####:  956:	  return -1;
        -:  957:	}
        -:  958:
    #####:  959:      for (i = 0; i < state->handCount[currentPlayer]; i++)
branch  0 never executed
branch  1 never executed
        -:  960:	{
    #####:  961:	  if (i != handPos && i == state->hand[currentPlayer][choice1] && i != choice1)
branch  0 never executed
branch  1 never executed
branch  2 never executed
branch  3 never executed
branch  4 never executed
branch  5 never executed
        -:  962:	    {
    #####:  963:	      j++;
        -:  964:	    }
        -:  965:	}
    #####:  966:      if (j < choice2)
branch  0 never executed
branch  1 never executed
        -:  967:	{
    #####:  968:	  return -1;				
        -:  969:	}
        -:  970:
        -:  971:      if (DEBUG) 
        -:  972:	printf("Player %d reveals card number: %d\n", currentPlayer, state->hand[currentPlayer][choice1]);
        -:  973:
        -:  974:      //increase supply count for choosen card by amount being discarded
    #####:  975:      state->supplyCount[state->hand[currentPlayer][choice1]] += choice2;
        -:  976:			
        -:  977:      //each other player gains a copy of revealed card
    #####:  978:      for (i = 0; i < state->numPlayers; i++)
branch  0 never executed
branch  1 never executed
        -:  979:	{
    #####:  980:	  if (i != currentPlayer)
branch  0 never executed
branch  1 never executed
        -:  981:	    {
    #####:  982:	      gainCard(state->hand[currentPlayer][choice1], state, 0, i);
call    0 never executed
        -:  983:	    }
        -:  984:	}
        -:  985:
        -:  986:      //discard played card from hand
    #####:  987:      discardCard(handPos, currentPlayer, state, 0);			
call    0 never executed
        -:  988:
        -:  989:      //trash copies of cards returned to supply
    #####:  990:      for (j = 0; j < choice2; j++)
branch  0 never executed
branch  1 never executed
        -:  991:	{
    #####:  992:	  for (i = 0; i < state->handCount[currentPlayer]; i++)
branch  0 never executed
branch  1 never executed
        -:  993:	    {
    #####:  994:	      if (state->hand[currentPlayer][i] == state->hand[currentPlayer][choice1])
branch  0 never executed
branch  1 never executed
        -:  995:		{
    #####:  996:		  discardCard(i, currentPlayer, state, 1);
call    0 never executed
    #####:  997:		  break;
        -:  998:		}
        -:  999:	    }
        -: 1000:	}			
        -: 1001:
    #####: 1002:      return 0;
        -: 1003:		
        -: 1004:    case cutpurse:
        -: 1005:
    #####: 1006:      updateCoins(currentPlayer, state, 2);
call    0 never executed
    #####: 1007:      for (i = 0; i < state->numPlayers; i++)
branch  0 never executed
branch  1 never executed
        -: 1008:	{
    #####: 1009:	  if (i != currentPlayer)
branch  0 never executed
branch  1 never executed
        -: 1010:	    {
    #####: 1011:	      for (j = 0; j < state->handCount[i]; j++)
branch  0 never executed
branch  1 never executed
        -: 1012:		{
    #####: 1013:		  if (state->hand[i][j] == copper)
branch  0 never executed
branch  1 never executed
        -: 1014:		    {
    #####: 1015:		      discardCard(j, i, state, 0);
call    0 never executed
    #####: 1016:		      break;
        -: 1017:		    }
    #####: 1018:		  if (j == state->handCount[i])
branch  0 never executed
branch  1 never executed
        -: 1019:		    {
    #####: 1020:		      for (k = 0; k < state->handCount[i]; k++)
branch  0 never executed
branch  1 never executed
        -: 1021:			{
        -: 1022:			  if (DEBUG)
        -: 1023:			    printf("Player %d reveals card number %d\n", i, state->hand[i][k]);
        -: 1024:			}	
    #####: 1025:		      break;
        -: 1026:		    }		
        -: 1027:		}
        -: 1028:					
        -: 1029:	    }
        -: 1030:				
        -: 1031:	}				
        -: 1032:
        -: 1033:      //discard played card from hand
    #####: 1034:      discardCard(handPos, currentPlayer, state, 0);			
call    0 never executed
        -: 1035:
    #####: 1036:      return 0;
        -: 1037:
        -: 1038:		
        -: 1039:    case embargo: 
        -: 1040:      //+2 Coins
    #####: 1041:      state->coins = state->coins + 2;
        -: 1042:			
        -: 1043:      //see if selected pile is in play
    #####: 1044:      if ( state->supplyCount[choice1] == -1 )
branch  0 never executed
branch  1 never executed
        -: 1045:	{
    #####: 1046:	  return -1;
        -: 1047:	}
        -: 1048:			
        -: 1049:      //add embargo token to selected supply pile
    #####: 1050:      state->embargoTokens[choice1]++;
        -: 1051:			
        -: 1052:      //trash card
    #####: 1053:      discardCard(handPos, currentPlayer, state, 1);		
call    0 never executed
    #####: 1054:      return 0;
        -: 1055:		
        -: 1056:    case outpost:
        -: 1057:      //set outpost flag
    #####: 1058:      state->outpostPlayed++;
        -: 1059:			
        -: 1060:      //discard card
    #####: 1061:      discardCard(handPos, currentPlayer, state, 0);
call    0 never executed
    #####: 1062:      return 0;
        -: 1063:		
        -: 1064:    case salvager:
        -: 1065:      //+1 buy
    #####: 1066:      state->numBuys++;
        -: 1067:			
    #####: 1068:      if (choice1)
branch  0 never executed
branch  1 never executed
        -: 1069:	{
        -: 1070:	  //gain coins equal to trashed card
    #####: 1071:	  state->coins = state->coins + getCost( handCard(choice1, state) );
call    0 never executed
call    1 never executed
        -: 1072:	  //trash card
    #####: 1073:	  discardCard(choice1, currentPlayer, state, 1);	
call    0 never executed
        -: 1074:	}
        -: 1075:			
        -: 1076:      //discard card
    #####: 1077:      discardCard(handPos, currentPlayer, state, 0);
call    0 never executed
    #####: 1078:      return 0;
        -: 1079:		
        -: 1080:    case sea_hag:
    #####: 1081:      for (i = 0; i < state->numPlayers; i++){
branch  0 never executed
branch  1 never executed
    #####: 1082:	if (i != currentPlayer){
branch  0 never executed
branch  1 never executed
    #####: 1083:	  state->discard[i][state->discardCount[i]] = state->deck[i][state->deckCount[i]--];			    state->deckCount[i]--;
    #####: 1084:	  state->discardCount[i]++;
    #####: 1085:	  state->deck[i][state->deckCount[i]--] = curse;//Top card now a curse
        -: 1086:	}
        -: 1087:      }
    #####: 1088:      return 0;
        -: 1089:		
        -: 1090:    case treasure_map:
        -: 1091:      //search hand for another treasure_map
    #####: 1092:      index = -1;
    #####: 1093:      for (i = 0; i < state->handCount[currentPlayer]; i++)
branch  0 never executed
branch  1 never executed
        -: 1094:	{
    #####: 1095:	  if (state->hand[currentPlayer][i] == treasure_map && i != handPos)
branch  0 never executed
branch  1 never executed
branch  2 never executed
branch  3 never executed
        -: 1096:	    {
    #####: 1097:	      index = i;
    #####: 1098:	      break;
        -: 1099:	    }
        -: 1100:	}
    #####: 1101:      if (index > -1)
branch  0 never executed
branch  1 never executed
        -: 1102:	{
        -: 1103:	  //trash both treasure cards
    #####: 1104:	  discardCard(handPos, currentPlayer, state, 1);
call    0 never executed
    #####: 1105:	  discardCard(index, currentPlayer, state, 1);
call    0 never executed
        -: 1106:
        -: 1107:	  //gain 4 Gold cards
    #####: 1108:	  for (i = 0; i < 4; i++)
branch  0 never executed
branch  1 never executed
        -: 1109:	    {
    #####: 1110:	      gainCard(gold, state, 1, currentPlayer);
call    0 never executed
        -: 1111:	    }
        -: 1112:				
        -: 1113:	  //return success
    #####: 1114:	  return 1;
        -: 1115:	}
        -: 1116:			
        -: 1117:      //no second treasure_map found in hand
    #####: 1118:      return -1;
        -: 1119:    }
        -: 1120:	
    #####: 1121:  return -1;
        -: 1122:}
        -: 1123:
function discardCard called 2000 returned 100% blocks executed 78%
     2000: 1124:int discardCard(int handPos, int currentPlayer, struct gameState *state, int trashFlag)
        -: 1125:{
        -: 1126:	
        -: 1127:  //if card is not trashed, added to Played pile 
     2000: 1128:  if (trashFlag < 1)
branch  0 taken 100% (fallthrough)
branch  1 taken 0%
        -: 1129:    {
        -: 1130:      //add card to played pile
     2000: 1131:      state->playedCards[state->playedCardCount] = state->hand[currentPlayer][handPos]; 
     2000: 1132:      state->playedCardCount++;
        -: 1133:    }
        -: 1134:	
        -: 1135:  //set played card to -1
     2000: 1136:  state->hand[currentPlayer][handPos] = -1;
        -: 1137:	
        -: 1138:  //remove card from player's hand
     2000: 1139:  if ( handPos == (state->handCount[currentPlayer] - 1) ) 	//last card in hand array is played
branch  0 taken 0% (fallthrough)
branch  1 taken 100%
        -: 1140:    {
        -: 1141:      //reduce number of cards in hand
    #####: 1142:      state->handCount[currentPlayer]--;
        -: 1143:    }
     2000: 1144:  else if ( state->handCount[currentPlayer] == 1 ) //only one card in hand
branch  0 taken 0% (fallthrough)
branch  1 taken 100%
        -: 1145:    {
        -: 1146:      //reduce number of cards in hand
    #####: 1147:      state->handCount[currentPlayer]--;
        -: 1148:    }
        -: 1149:  else 	
        -: 1150:    {
        -: 1151:      //replace discarded card with last card in hand
     2000: 1152:      state->hand[currentPlayer][handPos] = state->hand[currentPlayer][ (state->handCount[currentPlayer] - 1)];
        -: 1153:      //set last card to -1
     2000: 1154:      state->hand[currentPlayer][state->handCount[currentPlayer] - 1] = -1;
        -: 1155:      //reduce number of cards in hand
     2000: 1156:      state->handCount[currentPlayer]--;
        -: 1157:    }
        -: 1158:	
     2000: 1159:  return 0;
        -: 1160:}
        -: 1161:
function gainCard called 0 returned 0% blocks executed 0%
    #####: 1162:int gainCard(int supplyPos, struct gameState *state, int toFlag, int player)
        -: 1163:{
        -: 1164:  //Note: supplyPos is enum of choosen card
        -: 1165:	
        -: 1166:  //check if supply pile is empty (0) or card is not used in game (-1)
    #####: 1167:  if ( supplyCount(supplyPos, state) < 1 )
call    0 never executed
branch  1 never executed
branch  2 never executed
        -: 1168:    {
    #####: 1169:      return -1;
        -: 1170:    }
        -: 1171:	
        -: 1172:  //added card for [whoseTurn] current player:
        -: 1173:  // toFlag = 0 : add to discard
        -: 1174:  // toFlag = 1 : add to deck
        -: 1175:  // toFlag = 2 : add to hand
        -: 1176:
    #####: 1177:  if (toFlag == 1)
branch  0 never executed
branch  1 never executed
        -: 1178:    {
    #####: 1179:      state->deck[ player ][ state->deckCount[player] ] = supplyPos;
    #####: 1180:      state->deckCount[player]++;
        -: 1181:    }
    #####: 1182:  else if (toFlag == 2)
branch  0 never executed
branch  1 never executed
        -: 1183:    {
    #####: 1184:      state->hand[ player ][ state->handCount[player] ] = supplyPos;
    #####: 1185:      state->handCount[player]++;
        -: 1186:    }
        -: 1187:  else
        -: 1188:    {
    #####: 1189:      state->discard[player][ state->discardCount[player] ] = supplyPos;
    #####: 1190:      state->discardCount[player]++;
        -: 1191:    }
        -: 1192:	
        -: 1193:  //decrease number in supply pile
    #####: 1194:  state->supplyCount[supplyPos]--;
        -: 1195:	 
    #####: 1196:  return 0;
        -: 1197:}
        -: 1198:
function updateCoins called 3000 returned 100% blocks executed 82%
     3000: 1199:int updateCoins(int player, struct gameState *state, int bonus)
        -: 1200:{
        -: 1201:  int i;
        -: 1202:	
        -: 1203:  //reset coin count
     3000: 1204:  state->coins = 0;
        -: 1205:
        -: 1206:  //add coins for each Treasure card in player's hand
    18000: 1207:  for (i = 0; i < state->handCount[player]; i++)
branch  0 taken 83%
branch  1 taken 17% (fallthrough)
        -: 1208:    {
    15000: 1209:      if (state->hand[player][i] == copper)
branch  0 taken 70% (fallthrough)
branch  1 taken 30%
        -: 1210:	{
    10503: 1211:	  state->coins += 1;
        -: 1212:	}
     4497: 1213:      else if (state->hand[player][i] == silver)
branch  0 taken 0% (fallthrough)
branch  1 taken 100%
        -: 1214:	{
    #####: 1215:	  state->coins += 2;
        -: 1216:	}
     4497: 1217:      else if (state->hand[player][i] == gold)
branch  0 taken 0% (fallthrough)
branch  1 taken 100%
        -: 1218:	{
    #####: 1219:	  state->coins += 3;
        -: 1220:	}	
        -: 1221:    }	
        -: 1222:
        -: 1223:  //add bonus
     3000: 1224:  state->coins += bonus;
        -: 1225:
     3000: 1226:  return 0;
        -: 1227:}
        -: 1228:
        -: 1229:/*** CS 362 Assignment 2 ***/
        -: 1230:
        -: 1231:/** Card #1. Adventurer
        -: 1232: * Function: cardEffect_adventurer
        -: 1233: * Refactored switch statements into function for adventurer card
        -: 1234: * Inputs: int currentPlayer, struct gameState *state
        -: 1235: * Outputs: returns 0
        -: 1236: * Bug: while(drawntreasure<6){ ... 
        -: 1237: *      Changed drawntreasure<2 to drawntreasure<6
        -: 1238: *      This bug causes the current player to draw more treasure cards. 
        -: 1239: */
function cardEffect_adventurer called 1000 returned 100% blocks executed 100%
     1000: 1240:int cardEffect_adventurer (int currentPlayer, struct gameState *state)
        -: 1241:{
        -: 1242:	int temphand[MAX_HAND], // moved above the if statement
     1000: 1243:		z = 0, // this is the counter for the temp hand
     1000: 1244:	    drawntreasure = 0,
        -: 1245:	    cardDrawn;
        -: 1246:	
    29307: 1247:	while(drawntreasure<6){ //BUG: changed drawntreasure<2 to drawntreasure<6
branch  0 taken 96%
branch  1 taken 4% (fallthrough)
    27307: 1248:		if (state->deckCount[currentPlayer] <1){//if the deck is empty we need to shuffle discard and add to deck
branch  0 taken 1% (fallthrough)
branch  1 taken 99%
      193: 1249:	  		shuffle(currentPlayer, state);
call    0 returned 100%
        -: 1250:		}
    27307: 1251:		drawCard(currentPlayer, state);
call    0 returned 100%
    27307: 1252:		cardDrawn = state->hand[currentPlayer][state->handCount[currentPlayer]-1];//top card of hand is most recently drawn card.
    27307: 1253:		if (cardDrawn == copper || cardDrawn == silver || cardDrawn == gold)
branch  0 taken 93% (fallthrough)
branch  1 taken 7%
branch  2 taken 92% (fallthrough)
branch  3 taken 8%
branch  4 taken 9% (fallthrough)
branch  5 taken 91%
     6000: 1254:	  		drawntreasure++;
        -: 1255:		else{
    21307: 1256:	  		temphand[z]=cardDrawn;
    21307: 1257:	  		state->handCount[currentPlayer]--; //this should just remove the top card (the most recently drawn one).
    21307: 1258:	  		z++;
        -: 1259:		}
        -: 1260:      }
    23307: 1261:    while(z-1>=0) { 
branch  0 taken 96%
branch  1 taken 4% (fallthrough)
    21307: 1262:		state->discard[currentPlayer][state->discardCount[currentPlayer]++]=temphand[z-1]; // discard all cards in play that have been drawn
    21307: 1263:		z=z-1;
        -: 1264:    }
     1000: 1265:    return 0;
        -: 1266:}
        -: 1267:
        -: 1268:/** Card #2. Council Room
        -: 1269: * Function: cardEffect_council_room
        -: 1270: * Refactored switch statements into function for council room card
        -: 1271: * Inputs: int currentPlayer, struct gameState *state, int handPos
        -: 1272: * Outputs: returns 0
        -: 1273: * Bugs: 
        -: 1274: * 1)for (i = 0; i < 2; i++){ ... 
        -: 1275: *   Changed from "for (i = 0; i < 4; i++){ ... "
        -: 1276: * 2)if ( i == currentPlayer )
        -: 1277: *	 Changed from i != currentPlayer
        -: 1278: */
function cardEffect_council_room called 0 returned 0% blocks executed 0%
    #####: 1279:int cardEffect_council_room (int currentPlayer, struct gameState *state, int handPos)
        -: 1280:{
        -: 1281:	int i;
        -: 1282:	
        -: 1283:	//+4 Cards
    #####: 1284:	for (i = 0; i < 2; i++) // BUG: i < 2 changed from for (i = 0; i < 4; i++)
branch  0 never executed
branch  1 never executed
        -: 1285:	{
    #####: 1286:		drawCard(currentPlayer, state);
call    0 never executed
        -: 1287:	}
        -: 1288:	
        -: 1289:	//+1 Buy
    #####: 1290:    state->numBuys++;
        -: 1291:			
        -: 1292:    //Each other player draws a card
    #####: 1293:    for (i = 0; i < state->numPlayers; i++)
branch  0 never executed
branch  1 never executed
        -: 1294:	{
    #####: 1295:		if ( i == currentPlayer ) //BUG: changed to i ++ currentPlayerfrom i != currentPlayer
branch  0 never executed
branch  1 never executed
        -: 1296:	    {
    #####: 1297:	    	drawCard(i, state);
call    0 never executed
        -: 1298:	    }
        -: 1299:	}
        -: 1300:			
        -: 1301:    //put played card in played card pile
    #####: 1302:    discardCard(handPos, currentPlayer, state, 0);
call    0 never executed
        -: 1303:			
    #####: 1304:    return 0;
        -: 1305:}
        -: 1306:
        -: 1307:/** Card #3. Feast
        -: 1308: * Function: cardEffect_feast
        -: 1309: * Refactored switch statements into function for feast card
        -: 1310: * Inputs: int currentPlayer, struct gameState *state, int handPos, int choice1
        -: 1311: * Outputs: returns 0
        -: 1312: */
function cardEffect_feast called 0 returned 0% blocks executed 0%
    #####: 1313:int cardEffect_feast (int currentPlayer, struct gameState *state, int handPos, int choice1)
        -: 1314:{
        -: 1315:	int i, x;
        -: 1316:	int temphand[MAX_HAND];
        -: 1317:	
        -: 1318:	//gain card with cost up to 5
        -: 1319:	//Backup hand
    #####: 1320:	for (i = 0; i <= state->handCount[currentPlayer]; i++){
branch  0 never executed
branch  1 never executed
    #####: 1321:		temphand[i] = state->hand[currentPlayer][i];//Backup card
    #####: 1322:		state->hand[currentPlayer][i] = -1;//Set to nothing
        -: 1323:    }
        -: 1324:    //Backup hand
        -: 1325:
        -: 1326:    //Update Coins for Buy
    #####: 1327:    updateCoins(currentPlayer, state, 5);
call    0 never executed
    #####: 1328:    x = 1;//Condition to loop on
    #####: 1329:    while( x == 1) {//Buy one card
branch  0 never executed
branch  1 never executed
    #####: 1330:		if (supplyCount(choice1, state) <= 0){
call    0 never executed
branch  1 never executed
branch  2 never executed
        -: 1331:	  		if (DEBUG){
        -: 1332:	    		printf("None of that card left, sorry!\n");
        -: 1333:	    	}
        -: 1334:	  		if (DEBUG){
        -: 1335:	    		printf("Cards Left: %d\n", supplyCount(choice1, state));
        -: 1336:	  		}
        -: 1337:		}
    #####: 1338:		else if (state->coins < getCost(choice1)){
call    0 never executed
branch  1 never executed
branch  2 never executed
    #####: 1339:	  		printf("That card is too expensive!\n");
call    0 never executed
        -: 1340:	  		if (DEBUG){
        -: 1341:	    		printf("Coins: %d < %d\n", state->coins, getCost(choice1));
        -: 1342:	  		}
        -: 1343:		}
        -: 1344:		else{
        -: 1345:			if (DEBUG){
        -: 1346:	    		printf("Deck Count: %d\n", state->handCount[currentPlayer] + state->deckCount[currentPlayer] + state->discardCount[currentPlayer]);
        -: 1347:	  		}
    #####: 1348:			gainCard(choice1, state, 0, currentPlayer);//Gain the card
call    0 never executed
    #####: 1349:			x = 0;//No more buying cards
        -: 1350:			if (DEBUG){
        -: 1351:				printf("Deck Count: %d\n", state->handCount[currentPlayer] + state->deckCount[currentPlayer] + state->discardCount[currentPlayer]);
        -: 1352:			}
        -: 1353:		}
        -: 1354:    }     
        -: 1355:
        -: 1356:    //Reset Hand
    #####: 1357:    for (i = 0; i <= state->handCount[currentPlayer]; i++){
branch  0 never executed
branch  1 never executed
    #####: 1358:		state->hand[currentPlayer][i] = temphand[i];
    #####: 1359:		temphand[i] = -1;
        -: 1360:    }
        -: 1361:    //Reset Hand		
    #####: 1362:    return 0;
        -: 1363:}
        -: 1364:
        -: 1365:/** Card #4. Smithy
        -: 1366: * Function: cardEffect_smithy
        -: 1367: * Refactored switch statements into function for smithy card
        -: 1368: * Inputs: int currentPlayer, struct gameState *state, int handPos
        -: 1369: * Outputs: returns 0
        -: 1370: * Bugs: for (i = 0; i < 1; i++) changed from "for (i = 0; i < 3; i++)"
        -: 1371: */
function cardEffect_smithy called 1000 returned 100% blocks executed 100%
     1000: 1372:int cardEffect_smithy(int currentPlayer, struct gameState *state, int handPos)
        -: 1373:{
        -: 1374:	int i;
        -: 1375:	
        -: 1376:	//+3 Cards
     5000: 1377:	for (i = 0; i < 4; i++) // Bug: changed from "for (i = 0; i < 3; i++)"
branch  0 taken 80%
branch  1 taken 20% (fallthrough)
        -: 1378:	{
     4000: 1379:	  drawCard(currentPlayer, state);
call    0 returned 100%
        -: 1380:	}
        -: 1381:			
        -: 1382:    //discard card from hand
     1000: 1383:    discardCard(handPos, currentPlayer, state, 0);
call    0 returned 100%
     1000: 1384:    return 0;	
        -: 1385:}
        -: 1386:
        -: 1387:/** Card #5. Village
        -: 1388: * Function: cardEffect_village
        -: 1389: * Refactored switch statements into function for village card
        -: 1390: * Inputs: int currentPlayer, struct gameState *state, int handPos
        -: 1391: * Outputs: returns 0
        -: 1392: * Bugs: Code for +2 actions changed to +4 actions
        -: 1393: */
function cardEffect_village called 1000 returned 100% blocks executed 100%
     1000: 1394:int cardEffect_village (int currentPlayer, struct gameState *state, int handPos)
        -: 1395:{
        -: 1396:	//+1 Card
     1000: 1397:    drawCard(currentPlayer, state);
call    0 returned 100%
        -: 1398:			
        -: 1399:     //+2 Actions
     1000: 1400:    state->numActions = state->numActions + 4; //Bug: 2 changed to 4
        -: 1401:			
        -: 1402:    //discard played card from hand
     1000: 1403:    discardCard(handPos, currentPlayer, state, 0);
call    0 returned 100%
     1000: 1404:    return 0;
        -: 1405:}
        -: 1406:
        -: 1407:
        -: 1408://end of dominion.c
        -: 1409:
